Using pre-set license
Built from '2020.3/staging' branch; Version is '2020.3.22f1 (e1a7f79fd887) revision 14788599'; Using compiler version '192528614'; Build Type 'Release'
OS: 'Windows 10 Home Single Language; OS build 19043.1348; Version 2009; 64bit' Language: 'en' Physical Memory: 8034 MB
BatchMode: 1, IsHumanControllingUs: 0, StartBugReporterOnCrash: 0, Is64bit: 1, IsPro: 0

COMMAND LINE ARGUMENTS:
C:\Program Files\Unity\Hub\Editor\2020.3.22f1\Editor\Unity.exe
-adb2
-batchMode
-noUpm
-name
AssetImportWorker0
-projectPath
E:/New folder/Lab2-main
-logFile
Logs/AssetImportWorker0.log
-srvPort
62470
Successfully changed project path to: E:/New folder/Lab2-main
E:/New folder/Lab2-main
Using Asset Import Pipeline V2.
Refreshing native plugins compatible for Editor in 146.97 ms, found 2 plugins.
Preloading 0 native plugins for Editor in 0.00 ms.
Initialize engine version: 2020.3.22f1 (e1a7f79fd887)
[Subsystems] Discovering subsystems at path C:/Program Files/Unity/Hub/Editor/2020.3.22f1/Editor/Data/Resources/UnitySubsystems
[Subsystems] Discovering subsystems at path E:/New folder/Lab2-main/Assets
GfxDevice: creating device client; threaded=0
Direct3D:
    Version:  Direct3D 11.0 [level 11.1]
    Renderer: NVIDIA GeForce GTX 1050 Ti (ID=0x1c8c)
    Vendor:   
    VRAM:     4029 MB
    Driver:   23.21.13.8873
Initialize mono
Mono path[0] = 'C:/Program Files/Unity/Hub/Editor/2020.3.22f1/Editor/Data/Managed'
Mono path[1] = 'C:/Program Files/Unity/Hub/Editor/2020.3.22f1/Editor/Data/MonoBleedingEdge/lib/mono/unityjit'
Mono config path = 'C:/Program Files/Unity/Hub/Editor/2020.3.22f1/Editor/Data/MonoBleedingEdge/etc'
Using monoOptions --debugger-agent=transport=dt_socket,embedding=1,server=y,suspend=n,address=127.0.0.1:56340
Begin MonoManager ReloadAssembly
Registering precompiled unity dll's ...
Register platform support module: C:/Program Files/Unity/Hub/Editor/2020.3.22f1/Editor/Data/PlaybackEngines/WebGLSupport/UnityEditor.WebGL.Extensions.dll
Register platform support module: C:/Program Files/Unity/Hub/Editor/2020.3.22f1/Editor/Data/PlaybackEngines/WindowsStandaloneSupport/UnityEditor.WindowsStandalone.Extensions.dll
Registered in 0.002071 seconds.
Native extension for WindowsStandalone target not found
Native extension for WebGL target not found
Refreshing native plugins compatible for Editor in 49.33 ms, found 2 plugins.
Preloading 0 native plugins for Editor in 0.00 ms.
Mono: successfully reloaded assembly
- Completed reload, in  2.685 seconds
Domain Reload Profiling:
	ReloadAssembly (2685ms)
		BeginReloadAssembly (49ms)
			ExecutionOrderSort (0ms)
			DisableScriptedObjects (0ms)
			BackupInstance (0ms)
			ReleaseScriptingObjects (0ms)
			CreateAndSetChildDomain (1ms)
		EndReloadAssembly (413ms)
			LoadAssemblies (48ms)
			RebuildTransferFunctionScriptingTraits (0ms)
			SetupTypeCache (138ms)
			ReleaseScriptCaches (0ms)
			RebuildScriptCaches (29ms)
			SetupLoadedEditorAssemblies (160ms)
				LogAssemblyErrors (0ms)
				InitializePlatformSupportModulesInManaged (4ms)
				SetLoadedEditorAssemblies (0ms)
				RefreshPlugins (49ms)
				BeforeProcessingInitializeOnLoad (8ms)
				ProcessInitializeOnLoadAttributes (73ms)
				ProcessInitializeOnLoadMethodAttributes (25ms)
				AfterProcessingInitializeOnLoad (0ms)
				EditorAssembliesLoaded (0ms)
			ExecutionOrderSort2 (0ms)
			AwakeInstancesAfterBackupRestoration (0ms)
Platform modules already initialized, skipping
Registering precompiled user dll's ...
Registered in 0.003348 seconds.
Begin MonoManager ReloadAssembly
Native extension for WindowsStandalone target not found
Native extension for WebGL target not found
Refreshing native plugins compatible for Editor in 51.66 ms, found 2 plugins.
Preloading 0 native plugins for Editor in 0.00 ms.
Mono: successfully reloaded assembly
- Completed reload, in  1.085 seconds
Domain Reload Profiling:
	ReloadAssembly (1086ms)
		BeginReloadAssembly (140ms)
			ExecutionOrderSort (0ms)
			DisableScriptedObjects (4ms)
			BackupInstance (0ms)
			ReleaseScriptingObjects (0ms)
			CreateAndSetChildDomain (21ms)
		EndReloadAssembly (886ms)
			LoadAssemblies (85ms)
			RebuildTransferFunctionScriptingTraits (0ms)
			SetupTypeCache (309ms)
			ReleaseScriptCaches (1ms)
			RebuildScriptCaches (47ms)
			SetupLoadedEditorAssemblies (325ms)
				LogAssemblyErrors (0ms)
				InitializePlatformSupportModulesInManaged (5ms)
				SetLoadedEditorAssemblies (0ms)
				RefreshPlugins (52ms)
				BeforeProcessingInitializeOnLoad (71ms)
				ProcessInitializeOnLoadAttributes (183ms)
				ProcessInitializeOnLoadMethodAttributes (8ms)
				AfterProcessingInitializeOnLoad (7ms)
				EditorAssembliesLoaded (0ms)
			ExecutionOrderSort2 (0ms)
			AwakeInstancesAfterBackupRestoration (6ms)
Platform modules already initialized, skipping
========================================================================
Worker process is ready to serve import requests
Launched and connected shader compiler UnityShaderCompiler.exe after 0.10 seconds
Refreshing native plugins compatible for Editor in 0.52 ms, found 2 plugins.
Preloading 0 native plugins for Editor in 0.00 ms.
Unloading 2937 Unused Serialized files (Serialized files now loaded: 0)
System memory in use before: 137.5 MB.
System memory in use after: 137.7 MB.

Unloading 20 unused Assets to reduce memory usage. Loaded Objects now: 3381.
Total: 3.490800 ms (FindLiveObjects: 0.278600 ms CreateObjectMapping: 0.151900 ms MarkObjects: 2.975000 ms  DeleteObjects: 0.084200 ms)

AssetImportParameters requested are different than current active one (requested -> active):
  custom:framework-win-MediaFoundation: 216162199b28c13a410421893ffa2e32 -> 
  custom:video-decoder-ogg-theora: a1e56fd34408186e4bbccfd4996cb3dc -> 
  custom:container-muxer-webm: aa71ff27fc2769a1b78a27578f13a17b -> 
  custom:container-demuxer-webm: 4f35f7cbe854078d1ac9338744f61a02 -> 
  custom:container-demuxer-ogg: 62fdf1f143b41e24485cea50d1cbac27 -> 
  custom:video-encoder-webm-vp8: eb34c28f22e8b96e1ab97ce403110664 -> 
  custom:video-decoder-webm-vp8: 9c59270c3fd7afecdb556c50c9e8de78 -> 
  custom:audio-decoder-ogg-vorbis: bf7c407c2cedff20999df2af8eb42d56 -> 
  custom:audio-encoder-webm-vorbis: bf7c407c2cedff20999df2af8eb42d56 -> 
========================================================================
Received Import Request.
  path: Assets/model/exo_red@Sitting Clap.fbx
  artifactKey: Guid(ac1af4e5f23f8e442b420a280be2ab09) Importer(815301076,1909f56bfc062723c751e8b465ee728b)
Start importing Assets/model/exo_red@Sitting Clap.fbx using Guid(ac1af4e5f23f8e442b420a280be2ab09) Importer(815301076,1909f56bfc062723c751e8b465ee728b)  -> (artifact id: '95db1c41bc84eeb81be4ed06381554fb') in 0.614257 seconds 
  Import took 0.635463 seconds .

========================================================================
Received Import Request.
  Time since last request: 0.000599 seconds.
  path: Assets/model/maria_prop_j_j_ong@Sitting Laughing.fbx
  artifactKey: Guid(3203f3c9886600e498b74ce7e9a3be28) Importer(815301076,1909f56bfc062723c751e8b465ee728b)
Start importing Assets/model/maria_prop_j_j_ong@Sitting Laughing.fbx using Guid(3203f3c9886600e498b74ce7e9a3be28) Importer(815301076,1909f56bfc062723c751e8b465ee728b)  -> (artifact id: 'de023310b62dce853bb8490c7ea8d126') in 0.043333 seconds 
  Import took 0.059675 seconds .

========================================================================
Received Import Request.
  Time since last request: 26.524427 seconds.
  path: Assets/model/exo_red@Sitting Clap.fbx
  artifactKey: Guid(ac1af4e5f23f8e442b420a280be2ab09) Importer(815301076,1909f56bfc062723c751e8b465ee728b)
Start importing Assets/model/exo_red@Sitting Clap.fbx using Guid(ac1af4e5f23f8e442b420a280be2ab09) Importer(815301076,1909f56bfc062723c751e8b465ee728b)  -> (artifact id: '7aa057d632c7a632a00361528eefba73') in 0.155923 seconds 
  Import took 0.162028 seconds .

========================================================================
Received Import Request.
  Time since last request: 27.822543 seconds.
  path: Assets/model/exo_red@Sitting Clap.fbx
  artifactKey: Guid(ac1af4e5f23f8e442b420a280be2ab09) Importer(815301076,1909f56bfc062723c751e8b465ee728b)
Start importing Assets/model/exo_red@Sitting Clap.fbx using Guid(ac1af4e5f23f8e442b420a280be2ab09) Importer(815301076,1909f56bfc062723c751e8b465ee728b)  -> (artifact id: '774215d2a286a4cdd6c8f6b94324c01e') in 0.117693 seconds 
  Import took 0.123058 seconds .

========================================================================
Received Import Request.
  Time since last request: 218.783238 seconds.
  path: Assets/model/exo_red@Sitting Clap.fbx
  artifactKey: Guid(ac1af4e5f23f8e442b420a280be2ab09) Importer(815301076,1909f56bfc062723c751e8b465ee728b)
Start importing Assets/model/exo_red@Sitting Clap.fbx using Guid(ac1af4e5f23f8e442b420a280be2ab09) Importer(815301076,1909f56bfc062723c751e8b465ee728b)  -> (artifact id: '022cd269431b91a1beaf19d839c66e99') in 0.185229 seconds 
  Import took 0.218155 seconds .

========================================================================
Received Import Request.
  Time since last request: 35.424046 seconds.
  path: Assets/model/exo_red@Sitting Clap.fbx
  artifactKey: Guid(ac1af4e5f23f8e442b420a280be2ab09) Importer(815301076,1909f56bfc062723c751e8b465ee728b)
Start importing Assets/model/exo_red@Sitting Clap.fbx using Guid(ac1af4e5f23f8e442b420a280be2ab09) Importer(815301076,1909f56bfc062723c751e8b465ee728b)  -> (artifact id: '1923222fdde0169b53df50720180e27d') in 0.108970 seconds 
  Import took 0.114936 seconds .

========================================================================
Received Import Request.
  Time since last request: 33.347834 seconds.
  path: Assets/Animator1.controller
  artifactKey: Guid(7477b80f011e0cd43a05426061760f76) Importer(815301076,1909f56bfc062723c751e8b465ee728b)
Start importing Assets/Animator1.controller using Guid(7477b80f011e0cd43a05426061760f76) Importer(815301076,1909f56bfc062723c751e8b465ee728b)  -> (artifact id: 'f469d0e0445f026f364f184a4714e126') in 0.023711 seconds 
  Import took 0.053512 seconds .

========================================================================
Received Import Request.
  Time since last request: 27.415907 seconds.
  path: Assets/Animator1 1.controller
  artifactKey: Guid(43d5d2df34d892b418ff9c424612a6ff) Importer(815301076,1909f56bfc062723c751e8b465ee728b)
Start importing Assets/Animator1 1.controller using Guid(43d5d2df34d892b418ff9c424612a6ff) Importer(815301076,1909f56bfc062723c751e8b465ee728b)  -> (artifact id: 'b3969b3673557d2dc1a8eb1cecfb0d57') in 0.009124 seconds 
  Import took 0.055981 seconds .

========================================================================
Received Import Request.
  Time since last request: 26.568011 seconds.
  path: Assets/Animator2.controller
  artifactKey: Guid(43d5d2df34d892b418ff9c424612a6ff) Importer(815301076,1909f56bfc062723c751e8b465ee728b)
Start importing Assets/Animator2.controller using Guid(43d5d2df34d892b418ff9c424612a6ff) Importer(815301076,1909f56bfc062723c751e8b465ee728b)  -> (artifact id: 'd9b9e497f9c7cb61544fdf6bfe5da390') in 0.009414 seconds 
  Import took 0.025604 seconds .

========================================================================
Received Import Request.
  Time since last request: 21.148923 seconds.
  path: Assets/model/maria_prop_j_j_ong@Sitting Laughing.fbx
  artifactKey: Guid(3203f3c9886600e498b74ce7e9a3be28) Importer(815301076,1909f56bfc062723c751e8b465ee728b)
Start importing Assets/model/maria_prop_j_j_ong@Sitting Laughing.fbx using Guid(3203f3c9886600e498b74ce7e9a3be28) Importer(815301076,1909f56bfc062723c751e8b465ee728b)  -> (artifact id: '4d8a95947eb348f14ea495d2f9db9d00') in 0.100957 seconds 
  Import took 0.117031 seconds .

========================================================================
Received Import Request.
  Time since last request: 3.601957 seconds.
  path: Assets/model/maria_prop_j_j_ong@Sitting Laughing.fbx
  artifactKey: Guid(3203f3c9886600e498b74ce7e9a3be28) Importer(815301076,1909f56bfc062723c751e8b465ee728b)
Start importing Assets/model/maria_prop_j_j_ong@Sitting Laughing.fbx using Guid(3203f3c9886600e498b74ce7e9a3be28) Importer(815301076,1909f56bfc062723c751e8b465ee728b)  -> (artifact id: 'f3d6c83b973f068994b520dd06e191b5') in 0.096995 seconds 
  Import took 0.114458 seconds .

========================================================================
Received Import Request.
  Time since last request: 16.881075 seconds.
  path: Assets/model/exo_red@Sitting Clap.fbx
  artifactKey: Guid(ac1af4e5f23f8e442b420a280be2ab09) Importer(815301076,1909f56bfc062723c751e8b465ee728b)
Start importing Assets/model/exo_red@Sitting Clap.fbx using Guid(ac1af4e5f23f8e442b420a280be2ab09) Importer(815301076,1909f56bfc062723c751e8b465ee728b)  -> (artifact id: '75eea3dc9482339e5022144f795ac8b6') in 0.188826 seconds 
  Import took 0.236015 seconds .

========================================================================
Received Import Request.
  Time since last request: 2.587713 seconds.
  path: Assets/model/exo_red@Sitting Clap.fbx
  artifactKey: Guid(ac1af4e5f23f8e442b420a280be2ab09) Importer(815301076,1909f56bfc062723c751e8b465ee728b)
Start importing Assets/model/exo_red@Sitting Clap.fbx using Guid(ac1af4e5f23f8e442b420a280be2ab09) Importer(815301076,1909f56bfc062723c751e8b465ee728b)  -> (artifact id: '35eab7c4752c39ed45823c771aa6f803') in 0.141215 seconds 
  Import took 0.181425 seconds .

========================================================================
Received Import Request.
  Time since last request: 76.298620 seconds.
  path: Assets/model/maria_prop_j_j_ong@Sitting Laughing.fbx
  artifactKey: Guid(3203f3c9886600e498b74ce7e9a3be28) Importer(815301076,1909f56bfc062723c751e8b465ee728b)
Start importing Assets/model/maria_prop_j_j_ong@Sitting Laughing.fbx using Guid(3203f3c9886600e498b74ce7e9a3be28) Importer(815301076,1909f56bfc062723c751e8b465ee728b)  -> (artifact id: '8d09c640eb844b6156035702e16654f6') in 0.101733 seconds 
  Import took 0.122147 seconds .

========================================================================
Received Import Request.
  Time since last request: 8.247567 seconds.
  path: Assets/model/maria_prop_j_j_ong@Sitting Laughing.fbx
  artifactKey: Guid(3203f3c9886600e498b74ce7e9a3be28) Importer(815301076,1909f56bfc062723c751e8b465ee728b)
Start importing Assets/model/maria_prop_j_j_ong@Sitting Laughing.fbx using Guid(3203f3c9886600e498b74ce7e9a3be28) Importer(815301076,1909f56bfc062723c751e8b465ee728b)  -> (artifact id: 'a0dfdb7dcb922e2d528474cc3afb83ba') in 0.046290 seconds 
  Import took 0.051784 seconds .

========================================================================
Received Import Request.
  Time since last request: 5.596034 seconds.
  path: Assets/model/exo_red@Sitting Clap.fbx
  artifactKey: Guid(ac1af4e5f23f8e442b420a280be2ab09) Importer(815301076,1909f56bfc062723c751e8b465ee728b)
Start importing Assets/model/exo_red@Sitting Clap.fbx using Guid(ac1af4e5f23f8e442b420a280be2ab09) Importer(815301076,1909f56bfc062723c751e8b465ee728b)  -> (artifact id: '4b6d66a06fa6c46632fff4d4fa2e14b7') in 0.091219 seconds 
  Import took 0.097896 seconds .

========================================================================
Received Import Request.
  Time since last request: 10.351142 seconds.
  path: Assets/model/exo_red@Sitting Clap.fbx
  artifactKey: Guid(ac1af4e5f23f8e442b420a280be2ab09) Importer(815301076,1909f56bfc062723c751e8b465ee728b)
Start importing Assets/model/exo_red@Sitting Clap.fbx using Guid(ac1af4e5f23f8e442b420a280be2ab09) Importer(815301076,1909f56bfc062723c751e8b465ee728b)  -> (artifact id: 'ac23d4af28de54d2c08a31cd594e020c') in 0.119108 seconds 
  Import took 0.125508 seconds .

========================================================================
Received Prepare
Registering precompiled user dll's ...
Registered in 0.117961 seconds.
Begin MonoManager ReloadAssembly
Native extension for WindowsStandalone target not found
Native extension for WebGL target not found
Refreshing native plugins compatible for Editor in 0.83 ms, found 2 plugins.
Preloading 0 native plugins for Editor in 0.00 ms.
Mono: successfully reloaded assembly
- Completed reload, in  1.422 seconds
Domain Reload Profiling:
	ReloadAssembly (1422ms)
		BeginReloadAssembly (171ms)
			ExecutionOrderSort (0ms)
			DisableScriptedObjects (8ms)
			BackupInstance (0ms)
			ReleaseScriptingObjects (0ms)
			CreateAndSetChildDomain (57ms)
		EndReloadAssembly (1176ms)
			LoadAssemblies (112ms)
			RebuildTransferFunctionScriptingTraits (0ms)
			SetupTypeCache (422ms)
			ReleaseScriptCaches (2ms)
			RebuildScriptCaches (55ms)
			SetupLoadedEditorAssemblies (333ms)
				LogAssemblyErrors (0ms)
				InitializePlatformSupportModulesInManaged (7ms)
				SetLoadedEditorAssemblies (1ms)
				RefreshPlugins (1ms)
				BeforeProcessingInitializeOnLoad (74ms)
				ProcessInitializeOnLoadAttributes (237ms)
				ProcessInitializeOnLoadMethodAttributes (8ms)
				AfterProcessingInitializeOnLoad (6ms)
				EditorAssembliesLoaded (0ms)
			ExecutionOrderSort2 (0ms)
			AwakeInstancesAfterBackupRestoration (14ms)
Platform modules already initialized, skipping
Refreshing native plugins compatible for Editor in 0.60 ms, found 2 plugins.
Preloading 0 native plugins for Editor in 0.00 ms.
Unloading 2823 Unused Serialized files (Serialized files now loaded: 0)
System memory in use before: 148.9 MB.
System memory in use after: 149.1 MB.

Unloading 15 unused Assets to reduce memory usage. Loaded Objects now: 3466.
Total: 3.454400 ms (FindLiveObjects: 0.278200 ms CreateObjectMapping: 0.106700 ms MarkObjects: 3.050400 ms  DeleteObjects: 0.018000 ms)

AssetImportParameters requested are different than current active one (requested -> active):
  custom:framework-win-MediaFoundation: 216162199b28c13a410421893ffa2e32 -> 
  custom:video-decoder-ogg-theora: a1e56fd34408186e4bbccfd4996cb3dc -> 
  custom:container-muxer-webm: aa71ff27fc2769a1b78a27578f13a17b -> 
  custom:container-demuxer-webm: 4f35f7cbe854078d1ac9338744f61a02 -> 
  custom:container-demuxer-ogg: 62fdf1f143b41e24485cea50d1cbac27 -> 
  custom:video-encoder-webm-vp8: eb34c28f22e8b96e1ab97ce403110664 -> 
  custom:video-decoder-webm-vp8: 9c59270c3fd7afecdb556c50c9e8de78 -> 
  custom:audio-decoder-ogg-vorbis: bf7c407c2cedff20999df2af8eb42d56 -> 
  custom:audio-encoder-webm-vorbis: bf7c407c2cedff20999df2af8eb42d56 -> 
========================================================================
Received Import Request.
  Time since last request: 601.241918 seconds.
  path: Assets/Scenes
  artifactKey: Guid(a0d3c631286a1754db499769fef9dfb1) Importer(815301076,1909f56bfc062723c751e8b465ee728b)
Start importing Assets/Scenes using Guid(a0d3c631286a1754db499769fef9dfb1) Importer(815301076,1909f56bfc062723c751e8b465ee728b)  -> (artifact id: '7d887d9352f33213a16495faf2fff9c8') in 0.008216 seconds 
  Import took 0.013086 seconds .

========================================================================
Received Prepare
Registering precompiled user dll's ...
Registered in 0.003397 seconds.
Begin MonoManager ReloadAssembly
Native extension for WindowsStandalone target not found
Native extension for WebGL target not found
Refreshing native plugins compatible for Editor in 1.44 ms, found 2 plugins.
Preloading 0 native plugins for Editor in 0.00 ms.
Mono: successfully reloaded assembly
- Completed reload, in  1.287 seconds
Domain Reload Profiling:
	ReloadAssembly (1287ms)
		BeginReloadAssembly (137ms)
			ExecutionOrderSort (0ms)
			DisableScriptedObjects (6ms)
			BackupInstance (0ms)
			ReleaseScriptingObjects (0ms)
			CreateAndSetChildDomain (51ms)
		EndReloadAssembly (1075ms)
			LoadAssemblies (113ms)
			RebuildTransferFunctionScriptingTraits (0ms)
			SetupTypeCache (428ms)
			ReleaseScriptCaches (2ms)
			RebuildScriptCaches (60ms)
			SetupLoadedEditorAssemblies (307ms)
				LogAssemblyErrors (0ms)
				InitializePlatformSupportModulesInManaged (6ms)
				SetLoadedEditorAssemblies (0ms)
				RefreshPlugins (2ms)
				BeforeProcessingInitializeOnLoad (76ms)
				ProcessInitializeOnLoadAttributes (209ms)
				ProcessInitializeOnLoadMethodAttributes (7ms)
				AfterProcessingInitializeOnLoad (6ms)
				EditorAssembliesLoaded (0ms)
			ExecutionOrderSort2 (0ms)
			AwakeInstancesAfterBackupRestoration (16ms)
Platform modules already initialized, skipping
Refreshing native plugins compatible for Editor in 0.67 ms, found 2 plugins.
Preloading 0 native plugins for Editor in 0.00 ms.
Unloading 2823 Unused Serialized files (Serialized files now loaded: 0)
System memory in use before: 149.0 MB.
System memory in use after: 149.2 MB.

Unloading 15 unused Assets to reduce memory usage. Loaded Objects now: 3468.
Total: 3.658300 ms (FindLiveObjects: 0.298200 ms CreateObjectMapping: 0.121600 ms MarkObjects: 3.217600 ms  DeleteObjects: 0.020000 ms)

AssetImportParameters requested are different than current active one (requested -> active):
  custom:framework-win-MediaFoundation: 216162199b28c13a410421893ffa2e32 -> 
  custom:video-decoder-ogg-theora: a1e56fd34408186e4bbccfd4996cb3dc -> 
  custom:container-muxer-webm: aa71ff27fc2769a1b78a27578f13a17b -> 
  custom:container-demuxer-webm: 4f35f7cbe854078d1ac9338744f61a02 -> 
  custom:container-demuxer-ogg: 62fdf1f143b41e24485cea50d1cbac27 -> 
  custom:video-encoder-webm-vp8: eb34c28f22e8b96e1ab97ce403110664 -> 
  custom:video-decoder-webm-vp8: 9c59270c3fd7afecdb556c50c9e8de78 -> 
  custom:audio-decoder-ogg-vorbis: bf7c407c2cedff20999df2af8eb42d56 -> 
  custom:audio-encoder-webm-vorbis: bf7c407c2cedff20999df2af8eb42d56 -> 
AssetImportWorkerClient::OnTransportError - code=2 error=End of file
